selendroid-server/build/outputs/logs/manifest-merger-debug-report.txt
-- Merging decision tree log ---
manifest
ADDED from selendroid\selendroid-server\AndroidManifest.xml:2:1-20:12
	package
		ADDED from selendroid\selendroid-server\AndroidManifest.xml:2:132-162
	android:versionName
		ADDED from selendroid\selendroid-server\AndroidManifest.xml:2:94-131
		INJECTED from selendroid\selendroid-server\AndroidManifest.xml
		INJECTED from selendroid\selendroid-server\AndroidManifest.xml
	android:versionCode
		ADDED from selendroid\selendroid-server\AndroidManifest.xml:2:70-93
		INJECTED from selendroid\selendroid-server\AndroidManifest.xml
		INJECTED from selendroid\selendroid-server\AndroidManifest.xml
	xmlns:android
		ADDED from selendroid\selendroid-server\AndroidManifest.xml:2:11-69
uses-sdk
ADDED from selendroid\selendroid-server\AndroidManifest.xml:4:5-43
MERGED from [com.android.support.test:runner:0.5] AndroidManifest.xml:20:5-22:41
MERGED from [com.android.support.test:exposed-instrumentation-api-publish:0.5] AndroidManifest.xml:20:5-22:41
	android:targetSdkVersion
		INJECTED from selendroid\selendroid-server\AndroidManifest.xml
		INJECTED from selendroid\selendroid-server\AndroidManifest.xml
	android:minSdkVersion
		ADDED from selendroid\selendroid-server\AndroidManifest.xml:4:15-41
		INJECTED from selendroid\selendroid-server\AndroidManifest.xml
		INJECTED from selendroid\selendroid-server\AndroidManifest.xml
instrumentation
ADDED from selendroid\selendroid-server\AndroidManifest.xml:6:5-131
	android:targetPackage
		ADDED from selendroid\selendroid-server\AndroidManifest.xml:6:84-129
	android:name
		ADDED from selendroid\selendroid-server\AndroidManifest.xml:6:22-83
uses-permission#android.permission.INTERNET
ADDED from selendroid\selendroid-server\AndroidManifest.xml:11:5-66
	android:name
		ADDED from selendroid\selendroid-server\AndroidManifest.xml:11:22-64
uses-permission#android.permission.WRITE_EXTERNAL_STORAGE
ADDED from selendroid\selendroid-server\AndroidManifest.xml:12:5-80
	android:name
		ADDED from selendroid\selendroid-server\AndroidManifest.xml:12:22-78
uses-permission#android.permission.ACCESS_MOCK_LOCATION
ADDED from selendroid\selendroid-server\AndroidManifest.xml:13:5-78
	android:name
		ADDED from selendroid\selendroid-server\AndroidManifest.xml:13:22-76
uses-permission#android.permission.INJECT_EVENTS
ADDED from selendroid\selendroid-server\AndroidManifest.xml:14:5-71
	android:name
		ADDED from selendroid\selendroid-server\AndroidManifest.xml:14:22-69
uses-permission#android.permission.WAKE_LOCK
ADDED from selendroid\selendroid-server\AndroidManifest.xml:15:5-67
	android:name
		ADDED from selendroid\selendroid-server\AndroidManifest.xml:15:22-65
uses-permission#android.permission.WRITE_CALL_LOG
ADDED from selendroid\selendroid-server\AndroidManifest.xml:16:5-72
	android:name
		ADDED from selendroid\selendroid-server\AndroidManifest.xml:16:22-70
application
ADDED from selendroid\selendroid-server\AndroidManifest.xml:18:5-111
MERGED from [com.android.support.test:runner:0.5] AndroidManifest.xml:24:5-20
MERGED from [com.android.support.test:exposed-instrumentation-api-publish:0.5] AndroidManifest.xml:24:5-20
	android:label
		ADDED from selendroid\selendroid-server\AndroidManifest.xml:18:83-109
	android:debuggable
		ADDED from selendroid\selendroid-server\AndroidManifest.xml:18:18-43
	android:icon
		ADDED from selendroid\selendroid-server\AndroidManifest.xml:18:44-82